<?xml version="1.0" encoding="UTF-8"?>
<testng-results ignored="0" total="1" passed="1" failed="0" skipped="0">
  <reporter-output>
  </reporter-output>
  <suite started-at="2021-10-23T06:22:58Z" name="Suite" finished-at="2021-10-23T06:22:58Z" duration-ms="43">
    <groups>
    </groups>
    <test started-at="2021-10-23T06:22:58Z" name="Test" finished-at="2021-10-23T06:22:58Z" duration-ms="43">
      <class name="package1.Test1">
        <test-method is-config="true" signature="beforeTest()[pri:0, instance:package1.Test1@b2c9a9c]" started-at="2021-10-23T06:22:58Z" name="beforeTest" finished-at="2021-10-23T06:22:58Z" duration-ms="14" status="PASS">
          <reporter-output>
          </reporter-output>
        </test-method> <!-- beforeTest -->
        <test-method signature="test()[pri:0, instance:package1.Test1@b2c9a9c]" started-at="2021-10-23T06:22:58Z" name="test" finished-at="2021-10-23T06:22:58Z" duration-ms="6" status="PASS">
          <reporter-output>
          </reporter-output>
        </test-method> <!-- test -->
        <test-method is-config="true" signature="afterTest()[pri:0, instance:package1.Test1@b2c9a9c]" started-at="2021-10-23T06:22:58Z" name="afterTest" finished-at="2021-10-23T06:22:58Z" duration-ms="0" status="PASS">
          <reporter-output>
          </reporter-output>
        </test-method> <!-- afterTest -->
      </class> <!-- package1.Test1 -->
    </test> <!-- Test -->
  </suite> <!-- Suite -->
</testng-results>
